0 info it worked if it ends with ok
1 verbose cli [ '/usr/bin/nodejs', '/usr/bin/npm', 'test' ]
2 info using npm@4.1.2
3 info using node@v6.9.2
4 verbose stack Error: ENOENT: no such file or directory, open '/home/yoda/Documents/Boulot/ReactApp/package.json'
4 verbose stack     at Error (native)
5 verbose cwd /home/yoda/Documents/Boulot/ReactApp
6 error Linux 3.16.0-4-amd64
7 error argv "/usr/bin/nodejs" "/usr/bin/npm" "test"
8 error node v6.9.2
9 error npm  v4.1.2
10 error path /home/yoda/Documents/Boulot/ReactApp/package.json
11 error code ENOENT
12 error errno -2
13 error syscall open
14 error enoent ENOENT: no such file or directory, open '/home/yoda/Documents/Boulot/ReactApp/package.json'
15 error enoent ENOENT: no such file or directory, open '/home/yoda/Documents/Boulot/ReactApp/package.json'
15 error enoent This is most likely not a problem with npm itself
15 error enoent and is related to npm not being able to find a file.
16 verbose exit [ -2, true ]
